http://www.emag.ro/laptopuri/c

http://www.emag.ro/genti/c

http://www.emag.ro/memorii1201529825/c

http://www.emag.ro/hard-disk-uri-notebook/c

http://www.emag.ro/standuri-coolere-notebook/c

http://www.emag.ro/incarcatoare/c

http://www.emag.ro/baterii/c

http://www.emag.ro/alte-accesorii/c

http://www.emag.ro/telefoane-mobile/c

http://www.emag.ro/accesorii-telefoane-mobile/c

http://www.emag.ro/carduri-memorie/c

http://www.emag.ro/tablete/c

http://www.emag.ro/accesorii-tablete/c

http://www.emag.ro/telefoane/c

http://www.emag.ro/telefoane_fara_fir/c

http://www.emag.ro/sisteme-teleconferinta/c

http://www.emag.ro/desktop-pc/c

http://www.emag.ro/monitoare/c

http://www.emag.ro/hard_disk-uri/c

http://www.emag.ro/solid-state_drive_ssd_/c

http://www.emag.ro/procesoare/c

http://www.emag.ro/placi_video/c

http://www.emag.ro/placi_baza/c

http://www.emag.ro/memorii/c

http://www.emag.ro/carcase/c

http://www.emag.ro/surse/c

http://www.emag.ro/placi_sunet/c

http://www.emag.ro/tv-tunere/c

http://www.emag.ro/accesorii-it/c

http://www.emag.ro/dvd-writer/c

http://www.emag.ro/blu-ray/c

http://www.emag.ro/hard_disk-uri_externe/c

http://www.emag.ro/accesorii-hard-disk-uri-externe/c

http://www.emag.ro/tastaturi/c

http://www.emag.ro/mouse/c

http://www.emag.ro/mousepad/c

http://www.emag.ro/camere-web/c

http://www.emag.ro/tablete-grafice/c

http://www.emag.ro/memorii-usb/c

http://www.emag.ro/boxe-pc/c

http://www.emag.ro/casti-pc/c

http://www.emag.ro/unitati-optice-externe/c

http://www.emag.ro/periferice-diverse/c

http://www.emag.ro/coolere_procesor/c

http://www.emag.ro/coolere_hard_disk/c

http://www.emag.ro/coolere_vga/c

http://www.emag.ro/coolere_memorii/c
http://www.emag.ro/ventilatoare-pc/c
http://www.emag.ro/rack-hard-disk/c
http://www.emag.ro/paste_termice/c
http://www.emag.ro/fan-controllere/c
http://www.emag.ro/imprimante-inkjet/c
http://www.emag.ro/imprimante-laser/c
http://www.emag.ro/imprimante_matriciale/c
http://www.emag.ro/imprimante_foto/c
http://www.emag.ro/imprimante_termice/c
http://www.emag.ro/imprimante-format-mare/c
http://www.emag.ro/faxuri/c
http://www.emag.ro/scannere/c
http://www.emag.ro/accesorii/c
http://www.emag.ro/hartie/c
http://www.emag.ro/hartie-foto/c
http://www.emag.ro/agende-calendare/c
http://www.emag.ro/caiete/c
http://www.emag.ro/capsatoare-perforatoare/c
http://www.emag.ro/calculatoare_birou/c
http://www.emag.ro/suporturi-documente/c
http://www.emag.ro/pixuri/c
http://www.emag.ro/rollere/c
http://www.emag.ro/mine-rezerve-cerneala/c
http://www.emag.ro/creioane-ascutitori/c
http://www.emag.ro/panouri-prezentare/c
http://www.emag.ro/laminatoare/c
http://www.emag.ro/folii_laminat/c
http://www.emag.ro/distrugatoare_documente/c
http://www.emag.ro/aparate-indosariat/c
http://www.emag.ro/accesorii-indosariere/c
http://www.emag.ro/ghilotine/c
http://www.emag.ro/filtre-confidentialitate/c
http://www.emag.ro/antivirus/c
http://www.emag.ro/sisteme-operare/c
http://www.emag.ro/office---aplicatii-desktop/c
http://www.emag.ro/editare-foto-video/c
http://www.emag.ro/sisteme_server/c
http://www.emag.ro/cabinete_metalice/c
http://www.emag.ro/pdu/c
http://www.emag.ro/procesoare_server/c
http://www.emag.ro/hard_disk-uri_server/c
http://www.emag.ro/memorii_server/c
http://www.emag.ro/surse_server/c
http://www.emag.ro/controllere_raid/c
http://www.emag.ro/placi_retea_server/c
http://www.emag.ro/unitati_optice_server/c
http://www.emag.ro/accesorii_carcase_server/c
http://www.emag.ro/accesorii_server/c
http://www.emag.ro/tape_drive/c
http://www.emag.ro/rack_server/c
http://www.emag.ro/ups_cu_management/c
http://www.emag.ro/ups_fara_management/c
http://www.emag.ro/accesorii_ups/c
http://www.emag.ro/stabilizatoare-tensiune/c
http://www.emag.ro/prize-prelungitoare/c
http://www.emag.ro/aparate-masura-control/c
http://www.emag.ro/montabile_in_rack/c
http://www.emag.ro/ups-uri_montabile_rack/c
http://www.emag.ro/accesorii_ups-uri/c
http://www.emag.ro/placi_retea/c
http://www.emag.ro/adaptoare-powerlan/c
http://www.emag.ro/routere/c
http://www.emag.ro/cabluri-accesorii/c
http://www.emag.ro/print_servere/c
http://www.emag.ro/media_convertoare/c
http://www.emag.ro/echipamente_voip/c
http://www.emag.ro/hub-uri/c
http://www.emag.ro/nas/c
http://www.emag.ro/accesorii-componente-nas/c
http://www.emag.ro/switch_cu_management/c
http://www.emag.ro/switch_fara_management/c
http://www.emag.ro/accesorii_switch/c
http://www.emag.ro/switch-uri-kvm/c
http://www.emag.ro/accesorii-switch-uri-kvm/c
http://www.emag.ro/adaptoare_ethernet/c
http://www.emag.ro/puncte_acces/c
http://www.emag.ro/routere_wireless/c
http://www.emag.ro/antene_si_accesorii/c
http://www.emag.ro/camere-supraveghere/c
http://www.emag.ro/sisteme-dvr---nvr/c
http://www.emag.ro/kit-supraveghere-securitate/c
http://www.emag.ro/accesorii-control-acces-supraveghere/c
http://www.emag.ro/alarme-accesorii/c
http://www.emag.ro/control-acces-accesorii/c
http://www.emag.ro/console-hardware/c
http://www.emag.ro/console-portabile/c
http://www.emag.ro/jocuri-consola-pc/c
http://www.emag.ro/powerball/c
http://www.emag.ro/accesorii-console-pc/c
http://www.emag.ro/televizoare/c
http://www.emag.ro/cabluri-adaptoare/c
http://www.emag.ro/ochelari-3d/c
http://www.emag.ro/suporturi/c
http://www.emag.ro/telecomenzi/c
http://www.emag.ro/antene_externe/c
http://www.emag.ro/kituri-curatare/c
http://www.emag.ro/canal-cablu/c
http://www.emag.ro/accesorii-smart-tv/c
http://www.emag.ro/sisteme-home-cinema/c
http://www.emag.ro/sisteme-audio/c
http://www.emag.ro/docking/c
http://www.emag.ro/mediaplayere/c
http://www.emag.ro/dvd-blu-ray-playere/c
http://www.emag.ro/sisteme-complete/c
http://www.emag.ro/receivere/c
http://www.emag.ro/amplificatoare/c
http://www.emag.ro/boxe/c
http://www.emag.ro/sisteme-audio-wireless/c
http://www.emag.ro/pick-up/c
http://www.emag.ro/accesorii-audio-hi-fi/c
http://www.emag.ro/videoproiectoare/c
http://www.emag.ro/accesorii-videoproiectoare/c
http://www.emag.ro/table-interactive/c
http://www.emag.ro/ecrane-proiectie/c
http://www.emag.ro/casti-audio/c
