http://www.evomag.ro/PORTABILE-Laptopuri/
http://www.evomag.ro/PORTABILE-Ultrabook/
http://www.evomag.ro/PORTABILE-Convertibile/
http://www.evomag.ro/PORTABILE-Tablete/
http://www.evomag.ro/PORTABILE-eBook-Readere/
http://www.evomag.ro/PORTABILE-Accesorii-eBook/
http://www.evomag.ro/PORTABILE-Accesorii-laptop-Alte-accesorii-laptop-uri/
http://www.evomag.ro/PORTABILE-Accesorii-laptop-Accesorii-mac/
http://www.evomag.ro/PORTABILE-Accesorii-laptop-Extindere-garantie/
http://www.evomag.ro/PORTABILE-Accesorii-laptop-Huse-Laptop/
http://www.evomag.ro/PORTABILE-Accesorii-laptop-Genti-Laptop/
http://www.evomag.ro/PORTABILE-Accesorii-laptop-Rucsacuri-Laptop/
http://www.evomag.ro/PORTABILE-Accesorii-laptop-Baterii-Laptop/
http://www.evomag.ro/PORTABILE-Accesorii-laptop-Incarcator-Laptop/
http://www.evomag.ro/PORTABILE-Accesorii-laptop-HDD-uri-laptop/
http://www.evomag.ro/PORTABILE-Accesorii-laptop-Memorii-laptop/
http://www.evomag.ro/PORTABILE-Accesorii-laptop-Cooler-Stand-Laptop/
http://www.evomag.ro/PORTABILE-Accesorii-laptop-Docking-Port-Replicatoare/
http://www.evomag.ro/PORTABILE-Accesorii-laptop-KeyLock-laptop/
http://www.evomag.ro/PORTABILE-Accesorii-laptop-Acc.-Protectie-Laptop/
http://www.evomag.ro/PORTABILE-Accesorii-Tablete/
http://www.evomag.ro/PORTABILE-Accesorii-Tablete-Huse-Tablete/
http://www.evomag.ro/PORTABILE-Accesorii-Tablete-Genti-Tablete/
http://www.evomag.ro/PORTABILE-Accesorii-Tablete-Folii-Protectie-Tablete/
http://www.evomag.ro/PORTABILE-Accesorii-Tablete-Cabluri-de-date/
http://www.evomag.ro/PORTABILE-Accesorii-Tablete-Incarcator-auto/
http://www.evomag.ro/PORTABILE-Accesorii-Tablete-Incarcator-retea/
http://www.evomag.ro/PORTABILE-Accesorii-Tablete-Stylus-Pen/
http://www.evomag.ro/PORTABILE-Accesorii-Tablete-Alte-accesorii-tablete/
http://www.evomag.ro/SISTEME-PC-All-In-One-PC/
http://www.evomag.ro/SISTEME-PC-Branduri/
http://www.evomag.ro/SISTEME-PC-Macintosh/
http://www.evomag.ro/SISTEME-PC-Servere/
http://www.evomag.ro/SISTEME-PC-Sisteme-Workstation/
http://www.evomag.ro/SISTEME-PC-Barebone/
http://www.evomag.ro/SISTEME-PC-Accesorii-Servere/
http://www.evomag.ro/SISTEME-PC-Accesorii-Servere-Alte-Accesorii-Servere/
http://www.evomag.ro/SISTEME-PC-Accesorii-Servere-HDD-Server/
http://www.evomag.ro/SISTEME-PC-Accesorii-Servere-Procesoare-Server/
http://www.evomag.ro/SISTEME-PC-Accesorii-Servere-Coolere-Server/
http://www.evomag.ro/SISTEME-PC-Accesorii-Servere-Placi-de-baza-Server/
http://www.evomag.ro/SISTEME-PC-Accesorii-Servere-Memorii-Server/
http://www.evomag.ro/SISTEME-PC-Accesorii-Servere-Surse-Server/
http://www.evomag.ro/COMPONENTE-PC-Procesoare/
http://www.evomag.ro/COMPONENTE-PC-Placi-de-baza/
http://www.evomag.ro/COMPONENTE-PC-Placi-Video/
http://www.evomag.ro/COMPONENTE-PC-Memorii/
http://www.evomag.ro/COMPONENTE-PC-Solid-State-Drive-SSD/
http://www.evomag.ro/COMPONENTE-PC-Mouse/
http://www.evomag.ro/COMPONENTE-PC-Mouse-Pad/
http://www.evomag.ro/COMPONENTE-PC-Surse/
http://www.evomag.ro/COMPONENTE-PC-Carcase/
http://www.evomag.ro/COMPONENTE-PC-Boxe/
http://www.evomag.ro/COMPONENTE-PC-Casti-Microfoane/
http://www.evomag.ro/COMPONENTE-PC-Camere-Web/
http://www.evomag.ro/COMPONENTE-PC-Floppy-Disk/
http://www.evomag.ro/COMPONENTE-PC-Periferice/
http://www.evomag.ro/COMPONENTE-PC-Placi-de-sunet/
http://www.evomag.ro/COMPONENTE-PC-Stick-USB/
http://www.evomag.ro/COMPONENTE-PC-Hub-USB/
http://www.evomag.ro/COMPONENTE-PC-Tastatura/
http://www.evomag.ro/COMPONENTE-PC-TV-Tuner-Placi-Captura/
http://www.evomag.ro/COMPONENTE-PC-Unitati-Optice/
http://www.evomag.ro/COMPONENTE-PC-Hard-Disk-Drive-HDD-Desktop/
http://www.evomag.ro/COMPONENTE-PC-Hard-Disk-Drive-Hard-Disk-Extern/
http://www.evomag.ro/COMPONENTE-PC-Hard-Disk-Drive-HDD-Rack/
http://www.evomag.ro/COMPONENTE-PC-Hard-Disk-Drive-Dock/
http://www.evomag.ro/COMPONENTE-PC-Hard-Disk-Drive-Cabluri-HDD/
http://www.evomag.ro/COMPONENTE-PC-Hard-Disk-Drive-Huse-Hard-Disk-Extern/
http://www.evomag.ro/COMPONENTE-PC-Hard-Disk-Drive-Accesorii-HDD/
http://www.evomag.ro/COMPONENTE-PC-Coolere-Coolere-CPU/
http://www.evomag.ro/COMPONENTE-PC-Coolere-Acc.-Cooler-CPU/
http://www.evomag.ro/COMPONENTE-PC-Coolere-Pasta/
http://www.evomag.ro/COMPONENTE-PC-Coolere-Coolere-VGA/
http://www.evomag.ro/COMPONENTE-PC-Coolere-Ventilatoare/
http://www.evomag.ro/COMPONENTE-PC-Coolere-Acc.-Ventilatoare/
http://www.evomag.ro/COMPONENTE-PC-Protectie-electrica-UPS/
http://www.evomag.ro/COMPONENTE-PC-Protectie-electrica-Baterii-UPS/
http://www.evomag.ro/COMPONENTE-PC-Protectie-electrica-Prelungitoare/
http://www.evomag.ro/COMPONENTE-PC-Protectie-electrica-Prize/
http://www.evomag.ro/SOLUTII-MOBILE-Telefoane-mobile/
http://www.evomag.ro/SOLUTII-MOBILE-Smartwatch/
http://www.evomag.ro/SOLUTII-MOBILE-Telefoane-Fixe/
http://www.evomag.ro/SOLUTII-MOBILE-Walkie-Talkie/
http://www.evomag.ro/SOLUTII-MOBILE-Accesorii-telefoane-Alte-accesorii/
http://www.evomag.ro/SOLUTII-MOBILE-Accesorii-telefoane-Acumulatori-Tel./
http://www.evomag.ro/SOLUTII-MOBILE-Accesorii-telefoane-Headset/
http://www.evomag.ro/SOLUTII-MOBILE-Accesorii-telefoane-Incarcatori/
http://www.evomag.ro/SOLUTII-MOBILE-Accesorii-telefoane-Huse-Telefoane/
http://www.evomag.ro/SOLUTII-MOBILE-Accesorii-telefoane-Carcase-telefoane/
http://www.evomag.ro/SOLUTII-MOBILE-Accesorii-telefoane-Cabluri-de-date/
http://www.evomag.ro/SOLUTII-MOBILE-Accesorii-telefoane-Suport/
http://www.evomag.ro/SOLUTII-MOBILE-Accesorii-telefoane-Mini-difuzoare/
http://www.evomag.ro/SOLUTII-MOBILE-Accesorii-telefoane-Folii-Protectie-Telefoane/
http://www.evomag.ro/TELEVIZOARE-LED-TV/
http://www.evomag.ro/TELEVIZOARE-Accesorii-TV/
http://www.evomag.ro/TELEVIZOARE-Accesorii-TV-Suporturi-perete-mobile/
http://www.evomag.ro/TELEVIZOARE-Accesorii-TV-Adaptor-Wireless/
http://www.evomag.ro/TELEVIZOARE-Accesorii-TV-Ochelari-3D/
http://www.evomag.ro/TELEVIZOARE-Accesorii-TV-Alte-accesorii/
http://www.evomag.ro/MONITOARE-Monitoare-LED/
http://www.evomag.ro/MONITOARE-Monitoare-LCD/
http://www.evomag.ro/MONITOARE-Accesorii-Monitoare/
http://www.evomag.ro/MONITOARE-Colorimetre/
http://www.evomag.ro/IMPRIMANTE-Multifunctionale/
http://www.evomag.ro/IMPRIMANTE-Imprimante-laser-alb-negru/
http://www.evomag.ro/IMPRIMANTE-Imprimante-laser-color/
http://www.evomag.ro/IMPRIMANTE-Imprimante-jet-cerneala/
http://www.evomag.ro/IMPRIMANTE-Imprimante-portabile/
http://www.evomag.ro/IMPRIMANTE-Imprimante-solid-Ink/
http://www.evomag.ro/IMPRIMANTE-Imprimante-foto/
http://www.evomag.ro/FOTO-Aparate-Foto-Compacte/
http://www.evomag.ro/FOTO-Aparate-Foto-Mirrorless/
http://www.evomag.ro/FOTO-Aparate-Foto-D-SLR/
http://www.evomag.ro/FOTO-Carduri-memorie/
http://www.evomag.ro/FOTO-Diverse-Foto/
http://www.evomag.ro/FOTO-Card-reader/
http://www.evomag.ro/FOTO-Acumulatori-Foto/
http://www.evomag.ro/FOTO-Adaptoare-foto/
http://www.evomag.ro/FOTO-Blitz-uri/
http://www.evomag.ro/FOTO-Carcase-foto/
http://www.evomag.ro/FOTO-Cap-lentila-body/
http://www.evomag.ro/FOTO-Cabluri-Foto/
http://www.evomag.ro/FOTO-Filtre-foto/
http://www.evomag.ro/FOTO-Huse-foto/
http://www.evomag.ro/FOTO-Genti-foto/
http://www.evomag.ro/FOTO-Inele-Foto/
http://www.evomag.ro/FOTO-Incarcatoare-Foto/
http://www.evomag.ro/FOTO-Obiective/
http://www.evomag.ro/FOTO-Parasolar-Obiective/
http://www.evomag.ro/FOTO-Rucsacuri-foto/
http://www.evomag.ro/FOTO-Telecomenzi-foto/
http://www.evomag.ro/FOTO-Trepiede-foto/
http://www.evomag.ro/FOTO-Rame-Digitale/
http://www.evomag.ro/FOTO-Cursuri-foto/
http://www.evomag.ro/FOTO-Binocluri/
http://www.evomag.ro/VIDEO-Video-Proiectoare/
http://www.evomag.ro/VIDEO-Camere-Video/
http://www.evomag.ro/VIDEO-Supraveghere-video/
http://www.evomag.ro/VIDEO-Video-boroscop/
http://www.evomag.ro/VIDEO-Accesorii-Camere-Video/
http://www.evomag.ro/VIDEO-Accesorii-Camere-Video-Acumulatori-Video/
http://www.evomag.ro/VIDEO-Accesorii-Camere-Video-Accesorii-camere-video-pentru-sporturi-extreme/
http://www.evomag.ro/VIDEO-Accesorii-Camere-Video-Genti-Video/
http://www.evomag.ro/VIDEO-Accesorii-Proiector/
http://www.evomag.ro/VIDEO-Accesorii-Proiector-Table-interactive/
http://www.evomag.ro/VIDEO-Accesorii-Proiector-Ecrane-de-proiectie/
http://www.evomag.ro/VIDEO-Accesorii-Proiector-Lampi-Proiectoare/
http://www.evomag.ro/VIDEO-Accesorii-Proiector-Genti-Proiectoare/
http://www.evomag.ro/VIDEO-Accesorii-Proiector-Suport-Proiectoare/
http://www.evomag.ro/VIDEO-Accesorii-Proiector-Alte-Accesorii-Proiector/
http://www.evomag.ro/MULTIMEDIA-Player-Multimedia/
http://www.evomag.ro/MULTIMEDIA-Tablete-Grafice/
http://www.evomag.ro/MULTIMEDIA-Sistem-Home-Cinema/
http://www.evomag.ro/MULTIMEDIA-iPod/
http://www.evomag.ro/MULTIMEDIA-Playere-MP3-MP4/
http://www.evomag.ro/MULTIMEDIA-Reportofon/
http://www.evomag.ro/MULTIMEDIA-Accesorii-reportofoane/
http://www.evomag.ro/MULTIMEDIA-DVD-Blu-Ray-player/
http://www.evomag.ro/MULTIMEDIA-Sistem-Boxe/
http://www.evomag.ro/MULTIMEDIA-Huse-iPod/
http://www.evomag.ro/MULTIMEDIA-Accesorii-iPod/
http://www.evomag.ro/MULTIMEDIA-Radio/
http://www.evomag.ro/MULTIMEDIA-Accesorii-Multimedia/
http://www.evomag.ro/MULTIMEDIA-Accesorii-Multimedia-Cabluri-HDMI/
http://www.evomag.ro/MULTIMEDIA-Accesorii-Multimedia-Cabluri-Audio-Video/
http://www.evomag.ro/MULTIMEDIA-Accesorii-Multimedia-Splitter-Switch-multimedia/
http://www.evomag.ro/MULTIMEDIA-Accesorii-Multimedia-Adaptor-Wireless/
http://www.evomag.ro/MULTIMEDIA-Accesorii-Multimedia-Diverse-multimedia/
http://www.evomag.ro/GAMING-Jocuri/
http://www.evomag.ro/GAMING-Jocuri-Preorder/
http://www.evomag.ro/GAMING-Console/
http://www.evomag.ro/GAMING-Accesorii-console/
http://www.evomag.ro/GAMING-Accesorii-console-Controlere/
http://www.evomag.ro/GAMING-Accesorii-console-Joystick/
http://www.evomag.ro/GAMING-Accesorii-console-Volane/
http://www.evomag.ro/GAMING-Accesorii-console-Accesorii-Jocuri/
http://www.evomag.ro/RETELISTICA-Routere/
http://www.evomag.ro/RETELISTICA-Access-point/
http://www.evomag.ro/RETELISTICA-Network-Attached-Storage/
http://www.evomag.ro/RETELISTICA-Switch-uri/
http://www.evomag.ro/RETELISTICA-Placi-retea/
http://www.evomag.ro/RETELISTICA-Wireless-Bluetooth/
http://www.evomag.ro/RETELISTICA-Cabluri/
http://www.evomag.ro/RETELISTICA-Powerline/
http://www.evomag.ro/RETELISTICA-Diverse-Retea/
http://www.evomag.ro/RETELISTICA-Fibra-Optica/
http://www.evomag.ro/RETELISTICA-Telefoane-VoIP/
http://www.evomag.ro/RETELISTICA-Tester-Retea/
http://www.evomag.ro/AUTO-Player-Auto/
http://www.evomag.ro/AUTO-Navigatie-GPS/
http://www.evomag.ro/AUTO-DVD-auto-dedicat/
http://www.evomag.ro/AUTO-Camere-Video-Auto/
http://www.evomag.ro/AUTO-Boxe-Auto/
http://www.evomag.ro/AUTO-Statii-auto/
http://www.evomag.ro/AUTO-Dispozitive-Auto/
http://www.evomag.ro/AUTO-Amplificatoare-auto/
http://www.evomag.ro/AUTO-Diverse-Auto/
http://www.evomag.ro/AUTO-Sisteme-comunicare-Moto/
http://www.evomag.ro/AUTO-Accesorii-statii-auto/
http://www.evomag.ro/AUTO-Accesorii-statii-auto-Antene-statii-auto/
http://www.evomag.ro/AUTO-Accesorii-statii-auto-Casti-statii-auto/
http://www.evomag.ro/AUTO-Accesorii-Moto/
http://www.evomag.ro/AUTO-Accesorii-Moto-Suport-montaj-Moto/
http://www.evomag.ro/AUTO-Accesorii-Moto-Alte-accesorii-casti-moto/
http://www.evomag.ro/AUTO-Accesorii-GPS/
http://www.evomag.ro/AUTO-Iluminare-Auto-Becuri/
http://www.evomag.ro/PORTABILE-Accesorii-laptop/
http://www.evomag.ro/PORTABILE-Accesorii-laptop-Keypad-laptop/
http://www.evomag.ro/SISTEME-PC-Sisteme-evoMAG/
http://www.evomag.ro/COMPONENTE-PC-Hard-Disk-Drive/
http://www.evomag.ro/COMPONENTE-PC-Coolere/
http://www.evomag.ro/COMPONENTE-PC-Coolere-Coolere-HDD/
http://www.evomag.ro/COMPONENTE-PC-Coolere-Coolere-RAM/
http://www.evomag.ro/COMPONENTE-PC-Coolere-Coolere-Chipset/
http://www.evomag.ro/COMPONENTE-PC-Coolere-Ventilatoare-PCI/
http://www.evomag.ro/COMPONENTE-PC-Protectie-electrica/
http://www.evomag.ro/COMPONENTE-PC-Protectie-electrica-AVR/
http://www.evomag.ro/COMPONENTE-PC-Protectie-electrica-Module/
http://www.evomag.ro/COMPONENTE-PC-Protectie-electrica-Cabinete-UPS/
http://www.evomag.ro/SOLUTII-MOBILE-Telefoane-Seniori/
http://www.evomag.ro/SOLUTII-MOBILE-Accesorii-telefoane/
http://www.evomag.ro/SOLUTII-MOBILE-Accesorii-telefoane-Adaptori/
http://www.evomag.ro/SOLUTII-MOBILE-Accesorii-telefoane-Car-Kit/
http://www.evomag.ro/AUTO-Accesorii-GPS-Suport-auto/
http://www.evomag.ro/AUTO-Iluminare-Auto/
